生成启动时间为 2011/5/26 16:13:53。
     1>项目“D:\课件\多核程序设计\多核程序\OpenMP2\OpenMP2\OpenMP2.vcxproj”在节点 2 上(build 个目标)。
     1>InitializeBuildStatus:
         正在创建“Debug\OpenMP2.unsuccessfulbuild”，因为已指定“AlwaysCreate”。
       ClCompile:
         所有输出均为最新。
         F:\Program Files\Microsoft Visual Studio 10.0\VC\bin\CL.exe /c /ZI /nologo /W3 /WX- /Od /Oy- /D WIN32 /D _DEBUG /D _CONSOLE /D _UNICODE /D UNICODE /Gm /EHsc /RTC1 /MDd /GS /fp:precise /Zc:wchar_t /Zc:forScope /openmp /Yu"StdAfx.h" /Fp"Debug\OpenMP2.pch" /Fo"Debug\\" /Fd"Debug\vc100.pdb" /Gd /TP /analyze- /errorReport:prompt OpenMP2.cpp
         OpenMP2.cpp
       ManifestResourceCompile:
         所有输出均为最新。
       Link:
         F:\Program Files\Microsoft Visual Studio 10.0\VC\bin\link.exe /ERRORREPORT:PROMPT /OUT:"D:\课件\多核程序设计\多核程序\OpenMP2\Debug\OpenMP2.exe" /INCREMENTAL /NOLOGO kernel32.lib user32.lib gdi32.lib winspool.lib comdlg32.lib advapi32.lib shell32.lib ole32.lib oleaut32.lib uuid.lib odbc32.lib odbccp32.lib /MANIFEST /ManifestFile:"Debug\OpenMP2.exe.intermediate.manifest" /MANIFESTUAC:"level='asInvoker' uiAccess='false'" /DEBUG /PDB:"D:\课件\多核程序设计\多核程序\OpenMP2\Debug\OpenMP2.pdb" /SUBSYSTEM:CONSOLE /TLBID:1 /DYNAMICBASE /NXCOMPAT /IMPLIB:"D:\课件\多核程序设计\多核程序\OpenMP2\Debug\OpenMP2.lib" /MACHINE:X86 Debug\OpenMP2.exe.embed.manifest.res
         Debug\OpenMP2.obj
         Debug\stdafx.obj
       Manifest:
         c:\Program Files\Microsoft SDKs\Windows\v7.0A\bin\mt.exe /nologo /verbose /out:"Debug\OpenMP2.exe.embed.manifest" /manifest Debug\OpenMP2.exe.intermediate.manifest
         所有输出均为最新。
       LinkEmbedManifest:
         所有输出均为最新。
         OpenMP2.vcxproj -> D:\课件\多核程序设计\多核程序\OpenMP2\Debug\OpenMP2.exe
       FinalizeBuildStatus:
         正在删除文件“Debug\OpenMP2.unsuccessfulbuild”。
         正在对“Debug\OpenMP2.lastbuildstate”执行 Touch 任务。
     1>已完成生成项目“D:\课件\多核程序设计\多核程序\OpenMP2\OpenMP2\OpenMP2.vcxproj”(build 个目标)的操作。

生成成功。

已用时间 00:00:01.65
