生成启动时间为 2011/5/23 21:41:57。
     1>项目“D:\课件\多核程序设计\多核程序\exa1\exa1.vcxproj”在节点 2 上(build 个目标)。
     1>InitializeBuildStatus:
         正在创建“.\Debug\exa1.unsuccessfulbuild”，因为已指定“AlwaysCreate”。
       ClCompile:
         F:\Program Files\Microsoft Visual Studio 10.0\VC\bin\CL.exe /c /ZI /nologo /W3 /WX- /Od /Oy- /D WIN32 /D _DEBUG /D _CONSOLE /D _VC80_UPGRADE=0x0600 /D _MBCS /Gm /EHsc /RTC1 /MDd /GS /Gy- /fp:precise /Zc:wchar_t /Zc:forScope /Yc"stdafx.h" /Fp".\Debug\exa1.pch" /Fo".\Debug\\" /Fd".\Debug\vc100.pdb" /FR".\Debug\\" /Gd /TP /analyze- /errorReport:prompt StdAfx.cpp
         StdAfx.cpp
         F:\Program Files\Microsoft Visual Studio 10.0\VC\bin\CL.exe /c /ZI /nologo /W3 /WX- /Od /Oy- /D WIN32 /D _DEBUG /D _CONSOLE /D _VC80_UPGRADE=0x0600 /D _MBCS /Gm /EHsc /RTC1 /MDd /GS /Gy- /fp:precise /Zc:wchar_t /Zc:forScope /Yu"stdafx.h" /Fp".\Debug\exa1.pch" /Fo".\Debug\\" /Fd".\Debug\vc100.pdb" /FR".\Debug\\" /Gd /TP /analyze- /errorReport:prompt exa1.cpp
         exa1.cpp
       ManifestResourceCompile:
         c:\Program Files\Microsoft SDKs\Windows\v7.0A\bin\rc.exe /nologo /fo".\Debug\exa1.exe.embed.manifest.res" .\Debug\exa1_manifest.rc 
       Link:
         F:\Program Files\Microsoft Visual Studio 10.0\VC\bin\link.exe /ERRORREPORT:PROMPT /OUT:".\Debug\exa1.exe" /INCREMENTAL /NOLOGO odbc32.lib odbccp32.lib kernel32.lib user32.lib gdi32.lib winspool.lib comdlg32.lib advapi32.lib shell32.lib ole32.lib oleaut32.lib uuid.lib odbc32.lib odbccp32.lib /MANIFEST /ManifestFile:".\Debug\exa1.exe.intermediate.manifest" /MANIFESTUAC:"level='asInvoker' uiAccess='false'" /DEBUG /PDB:"D:\课件\多核程序设计\多核程序\exa1\Debug\exa1.pdb" /SUBSYSTEM:CONSOLE /TLBID:1 /DYNAMICBASE /NXCOMPAT /IMPLIB:".\Debug\exa1.lib" /MACHINE:X86 .\Debug\exa1.exe.embed.manifest.res
         .\Debug\exa1.obj
         .\Debug\StdAfx.obj
       Manifest:
         c:\Program Files\Microsoft SDKs\Windows\v7.0A\bin\mt.exe /nologo /verbose /out:".\Debug\exa1.exe.embed.manifest" /manifest .\Debug\exa1.exe.intermediate.manifest
         c:\Program Files\Microsoft SDKs\Windows\v7.0A\bin\rc.exe /nologo /fo".\Debug\exa1.exe.embed.manifest.res" .\Debug\exa1_manifest.rc 
       LinkEmbedManifest:
         F:\Program Files\Microsoft Visual Studio 10.0\VC\bin\link.exe /ERRORREPORT:PROMPT /OUT:".\Debug\exa1.exe" /INCREMENTAL /NOLOGO odbc32.lib odbccp32.lib kernel32.lib user32.lib gdi32.lib winspool.lib comdlg32.lib advapi32.lib shell32.lib ole32.lib oleaut32.lib uuid.lib odbc32.lib odbccp32.lib /MANIFEST /ManifestFile:".\Debug\exa1.exe.intermediate.manifest" /MANIFESTUAC:"level='asInvoker' uiAccess='false'" /DEBUG /PDB:"D:\课件\多核程序设计\多核程序\exa1\Debug\exa1.pdb" /SUBSYSTEM:CONSOLE /TLBID:1 /DYNAMICBASE /NXCOMPAT /IMPLIB:".\Debug\exa1.lib" /MACHINE:X86 .\Debug\exa1.exe.embed.manifest.res
         .\Debug\exa1.obj
         .\Debug\StdAfx.obj
         exa1.vcxproj -> D:\课件\多核程序设计\多核程序\exa1\.\Debug\exa1.exe
       BscMake:
         F:\Program Files\Microsoft Visual Studio 10.0\VC\bin\bscmake.exe /nologo /o".\Debug\exa1.bsc" .\Debug\exa1.sbr .\Debug\StdAfx.sbr
       FinalizeBuildStatus:
         正在删除文件“.\Debug\exa1.unsuccessfulbuild”。
         正在对“.\Debug\exa1.lastbuildstate”执行 Touch 任务。
     1>已完成生成项目“D:\课件\多核程序设计\多核程序\exa1\exa1.vcxproj”(build 个目标)的操作。

生成成功。

已用时间 00:00:09.25
